C:\USERS\LAMOS\DOCUMENTS\VISUAL STUDIO 2012\PROJECTS\ASSIGNMENT6II\ASSIGNMENT6II\DEBUG\DRVRTREE.OBJ
C:\USERS\LAMOS\DOCUMENTS\VISUAL STUDIO 2012\PROJECTS\ASSIGNMENT6II\ASSIGNMENT6II\DEBUG\VC110.PDB
C:\USERS\LAMOS\DOCUMENTS\VISUAL STUDIO 2012\PROJECTS\ASSIGNMENT6II\DEBUG\ASSIGNMENT6II.ILK
C:\USERS\LAMOS\DOCUMENTS\VISUAL STUDIO 2012\PROJECTS\ASSIGNMENT6II\DEBUG\ASSIGNMENT6II.EXE
C:\USERS\LAMOS\DOCUMENTS\VISUAL STUDIO 2012\PROJECTS\ASSIGNMENT6II\DEBUG\ASSIGNMENT6II.PDB
C:\Users\lamos\Documents\Visual Studio 2012\Projects\Assignment6II\Assignment6II\Debug\drvrTree.obj
C:\Users\lamos\Documents\Visual Studio 2012\Projects\Assignment6II\Assignment6II\Debug\cl.command.1.tlog
C:\Users\lamos\Documents\Visual Studio 2012\Projects\Assignment6II\Assignment6II\Debug\CL.read.1.tlog
C:\Users\lamos\Documents\Visual Studio 2012\Projects\Assignment6II\Assignment6II\Debug\CL.write.1.tlog
C:\Users\lamos\Documents\Visual Studio 2012\Projects\Assignment6II\Assignment6II\Debug\link-cvtres.read.1.tlog
C:\Users\lamos\Documents\Visual Studio 2012\Projects\Assignment6II\Assignment6II\Debug\link-cvtres.write.1.tlog
C:\Users\lamos\Documents\Visual Studio 2012\Projects\Assignment6II\Assignment6II\Debug\link-rc.read.1.tlog
C:\Users\lamos\Documents\Visual Studio 2012\Projects\Assignment6II\Assignment6II\Debug\link-rc.write.1.tlog
C:\Users\lamos\Documents\Visual Studio 2012\Projects\Assignment6II\Assignment6II\Debug\link.5716-cvtres.read.1.tlog
C:\Users\lamos\Documents\Visual Studio 2012\Projects\Assignment6II\Assignment6II\Debug\link.5716-cvtres.write.1.tlog
C:\Users\lamos\Documents\Visual Studio 2012\Projects\Assignment6II\Assignment6II\Debug\link.5716-rc.read.1.tlog
C:\Users\lamos\Documents\Visual Studio 2012\Projects\Assignment6II\Assignment6II\Debug\link.5716-rc.write.1.tlog
C:\Users\lamos\Documents\Visual Studio 2012\Projects\Assignment6II\Assignment6II\Debug\link.5716.read.1.tlog
C:\Users\lamos\Documents\Visual Studio 2012\Projects\Assignment6II\Assignment6II\Debug\link.5716.write.1.tlog
C:\Users\lamos\Documents\Visual Studio 2012\Projects\Assignment6II\Assignment6II\Debug\link.8108-cvtres.read.1.tlog
C:\Users\lamos\Documents\Visual Studio 2012\Projects\Assignment6II\Assignment6II\Debug\link.8108-cvtres.write.1.tlog
C:\Users\lamos\Documents\Visual Studio 2012\Projects\Assignment6II\Assignment6II\Debug\link.8108-rc.read.1.tlog
C:\Users\lamos\Documents\Visual Studio 2012\Projects\Assignment6II\Assignment6II\Debug\link.8108-rc.write.1.tlog
C:\Users\lamos\Documents\Visual Studio 2012\Projects\Assignment6II\Assignment6II\Debug\link.8108.read.1.tlog
C:\Users\lamos\Documents\Visual Studio 2012\Projects\Assignment6II\Assignment6II\Debug\link.8108.write.1.tlog
C:\Users\lamos\Documents\Visual Studio 2012\Projects\Assignment6II\Assignment6II\Debug\link.command.1.tlog
C:\Users\lamos\Documents\Visual Studio 2012\Projects\Assignment6II\Assignment6II\Debug\link.read.1.tlog
C:\Users\lamos\Documents\Visual Studio 2012\Projects\Assignment6II\Assignment6II\Debug\link.write.1.tlog
C:\Users\lamos\Documents\Visual Studio 2012\Projects\Assignment6II\Assignment6II\Debug\vc110.idb
C:\Users\lamos\Documents\Visual Studio 2012\Projects\Assignment6II\Assignment6II\Debug\vc110.pdb
C:\Users\lamos\Documents\Visual Studio 2012\Projects\Assignment6II\Debug\Assignment6II.pdb
C:\Users\lamos\Documents\Visual Studio 2012\Projects\Assignment6II\Debug\Assignment6II.exe
C:\Users\lamos\Documents\Visual Studio 2012\Projects\Assignment6II\Debug\Assignment6II.ilk
